Base path: E:/program/Unity2.2017/install/Editor/Data
Cmd: initializeCompiler
Cmd: preprocess
  insize=1159 outsize=938 ok=1
Cmd: preprocess
  insize=785 outsize=677 ok=1
Cmd: preprocess
  insize=1171 outsize=950 ok=1
Cmd: preprocess
  insize=774 outsize=666 ok=1
Cmd: preprocess
  insize=776 outsize=668 ok=1
Cmd: preprocess
  insize=1177 outsize=956 ok=1
Cmd: preprocess
  insize=662 outsize=1387 ok=1
Cmd: preprocess
  insize=681 outsize=573 ok=1
Cmd: preprocess
  insize=908 outsize=712 ok=1
Cmd: preprocess
  insize=788 outsize=680 ok=1
Cmd: preprocess
  insize=1157 outsize=936 ok=1
Cmd: compileSnippet
  api=4 type=0 insize=1468 outsize=1982 kw=DIRECTIONAL SHADOWS_SCREEN pd=UNITY_ENABLE_REFLECTION_BUFFERS UNITY_USE_DITHER_MASK_FOR_ALPHABLENDED_SHADOWS UNITY_PBS_USE_BRDF1 UNITY_SPECCUBE_BOX_PROJECTION UNITY_SPECCUBE_BLENDING UNITY_ENABLE_DETAIL_NORMALMAP SHADER_API_DESKTOP UNITY_COLORSPACE_GAMMA UNITY_LIGHT_PROBE_PROXY_VOLUME ok=1
Cmd: compileSnippet
  api=4 type=1 insize=1468 outsize=7214 kw=DIRECTIONAL SHADOWS_SCREEN pd=UNITY_ENABLE_REFLECTION_BUFFERS UNITY_USE_DITHER_MASK_FOR_ALPHABLENDED_SHADOWS UNITY_PBS_USE_BRDF1 UNITY_SPECCUBE_BOX_PROJECTION UNITY_SPECCUBE_BLENDING UNITY_ENABLE_DETAIL_NORMALMAP SHADER_API_DESKTOP UNITY_COLORSPACE_GAMMA UNITY_LIGHT_PROBE_PROXY_VOLUME ok=1
